\BOOKMARK [1][-]{section.1}{Nomenclature}{}% 1
\BOOKMARK [1][-]{section.2}{Motivation}{}% 2
\BOOKMARK [1][-]{section.3}{Problem Formulation}{}% 3
\BOOKMARK [2][-]{subsection.3.1}{Objectives}{section.3}% 4
\BOOKMARK [2][-]{subsection.3.2}{Design Variables}{section.3}% 5
\BOOKMARK [2][-]{subsection.3.3}{Constraints and Bounds}{section.3}% 6
\BOOKMARK [2][-]{subsection.3.4}{Problem Statement}{section.3}% 7
\BOOKMARK [2][-]{subsection.3.5}{Parameters}{section.3}% 8
\BOOKMARK [1][-]{section.4}{Modeling and Simulation}{}% 9
\BOOKMARK [2][-]{subsection.4.1}{Mission Architectural Element Sizing Model}{section.4}% 10
\BOOKMARK [2][-]{subsection.4.2}{Scientific Utility Model}{section.4}% 11
\BOOKMARK [2][-]{subsection.4.3}{Cost Model}{section.4}% 12
\BOOKMARK [3][-]{subsubsection.4.3.1}{IMLEO Cost Estimating}{subsection.4.3}% 13
\BOOKMARK [3][-]{subsubsection.4.3.2}{Advanced Technologies Development Cost Estimating}{subsection.4.3}% 14
\BOOKMARK [2][-]{subsection.4.4}{Validation}{section.4}% 15
\BOOKMARK [1][-]{section.5}{Single-Objective Optimization}{}% 16
\BOOKMARK [2][-]{subsection.5.1}{Design of Experiments}{section.5}% 17
\BOOKMARK [2][-]{subsection.5.2}{Initial Design}{section.5}% 18
\BOOKMARK [2][-]{subsection.5.3}{Consolidated Objective}{section.5}% 19
\BOOKMARK [2][-]{subsection.5.4}{Coordinate Search}{section.5}% 20
\BOOKMARK [2][-]{subsection.5.5}{Genetic Algorithm}{section.5}% 21
\BOOKMARK [2][-]{subsection.5.6}{Genetic Algorithm Verification}{section.5}% 22
\BOOKMARK [1][-]{section.6}{Multi-Objective Optimization}{}% 23
\BOOKMARK [2][-]{subsection.6.1}{Multi-Objective Problem Space}{section.6}% 24
\BOOKMARK [2][-]{subsection.6.2}{Pareto Frontier}{section.6}% 25
\BOOKMARK [1][-]{section.7}{Final Recommendation}{}% 26
\BOOKMARK [1][-]{section.8}{Learnings and Future Work}{}% 27
\BOOKMARK [1][-]{section.9}{Conclusion}{}% 28
\BOOKMARK [1][-]{appendix.A}{Master Table}{}% 29
\BOOKMARK [0][-]{section*.2}{References}{}% 30
